Compiling the CXX compiler identification source file "CMakeCXXCompilerId.cpp" failed.
Compiler: /usr/bin/gcc 
Build flags: 
Id flags:  

The output was:
1
gcc: fatal error: cannot execute ‘cc1plus’: execvp: No such file or directory
compilation terminated.


Compiling the CXX compiler identification source file "CMakeCXXCompilerId.cpp" failed.
Compiler: /usr/bin/gcc 
Build flags: 
Id flags: -c 

The output was:
1
gcc: fatal error: cannot execute ‘cc1plus’: execvp: No such file or directory
compilation terminated.


Compiling the CXX compiler identification source file "CMakeCXXCompilerId.cpp" failed.
Compiler: /usr/bin/gcc 
Build flags: 
Id flags: --c++ 

The output was:
1
gcc: error: unrecognized command line option ‘--c++’


Compiling the CXX compiler identification source file "CMakeCXXCompilerId.cpp" failed.
Compiler: /usr/bin/gcc 
Build flags: 
Id flags: --ec++ 

The output was:
1
gcc: error: unrecognized command line option ‘--ec++’; did you mean ‘-Weffc++’?


Compiling the CXX compiler identification source file "CMakeCXXCompilerId.cpp" failed.
Compiler: /usr/bin/gcc 
Build flags: 
Id flags: --target=arm-arm-none-eabi;-mcpu=cortex-m3 

The output was:
1
gcc: warning: ‘-mcpu=’ is deprecated; use ‘-mtune=’ or ‘-march=’ instead
gcc: error: unrecognized command line option ‘--target=arm-arm-none-eabi’


Compiling the CXX compiler identification source file "CMakeCXXCompilerId.cpp" failed.
Compiler: /usr/bin/gcc 
Build flags: 
Id flags:  

The output was:
1
gcc: fatal error: cannot execute ‘cc1plus’: execvp: No such file or directory
compilation terminated.


Compiling the CXX compiler identification source file "CMakeCXXCompilerId.cpp" failed.
Compiler: /usr/bin/gcc 
Build flags: 
Id flags: -c 

The output was:
1
gcc: fatal error: cannot execute ‘cc1plus’: execvp: No such file or directory
compilation terminated.


Compiling the CXX compiler identification source file "CMakeCXXCompilerId.cpp" failed.
Compiler: /usr/bin/gcc 
Build flags: 
Id flags: --c++ 

The output was:
1
gcc: error: unrecognized command line option ‘--c++’


Compiling the CXX compiler identification source file "CMakeCXXCompilerId.cpp" failed.
Compiler: /usr/bin/gcc 
Build flags: 
Id flags: --ec++ 

The output was:
1
gcc: error: unrecognized command line option ‘--ec++’; did you mean ‘-Weffc++’?


Compiling the CXX compiler identification source file "CMakeCXXCompilerId.cpp" failed.
Compiler: /usr/bin/gcc 
Build flags: 
Id flags: --target=arm-arm-none-eabi;-mcpu=cortex-m3 

The output was:
1
gcc: warning: ‘-mcpu=’ is deprecated; use ‘-mtune=’ or ‘-march=’ instead
gcc: error: unrecognized command line option ‘--target=arm-arm-none-eabi’


Checking whether the CXX compiler is IAR using "" did not match "IAR .+ Compiler":
gcc: fatal error: no input files
compilation terminated.
Checking whether the CXX compiler is IAR using "" did not match "IAR .+ Compiler":
gcc: fatal error: no input files
compilation terminated.
Determining if the CXX compiler works failed with the following output:
Change Dir: /home/mrlaw/CmakeProject/HelloWorld/build/CMakeFiles/CMakeTmp

Run Build Command(s):/usr/bin/make cmTC_9c1c6/fast && /usr/bin/make -f CMakeFiles/cmTC_9c1c6.dir/build.make CMakeFiles/cmTC_9c1c6.dir/build
make[1]: Entering directory '/home/mrlaw/CmakeProject/HelloWorld/build/CMakeFiles/CMakeTmp'
Building CXX object CMakeFiles/cmTC_9c1c6.dir/testCXXCompiler.cxx.o
/usr/bin/gcc     -o CMakeFiles/cmTC_9c1c6.dir/testCXXCompiler.cxx.o -c /home/mrlaw/CmakeProject/HelloWorld/build/CMakeFiles/CMakeTmp/testCXXCompiler.cxx
gcc: fatal error: cannot execute ‘cc1plus’: execvp: No such file or directory
compilation terminated.
make[1]: *** [CMakeFiles/cmTC_9c1c6.dir/build.make:66: CMakeFiles/cmTC_9c1c6.dir/testCXXCompiler.cxx.o] Error 1
make[1]: Leaving directory '/home/mrlaw/CmakeProject/HelloWorld/build/CMakeFiles/CMakeTmp'
make: *** [Makefile:121: cmTC_9c1c6/fast] Error 2



